<?xml version="1.0" encoding="UTF-8"?>
<!-- Generated by org.testng.reporters.JUnitXMLReporter -->
<testsuite hostname="LAPTOP-73JL2UKU" ignored="3" name="Test4" tests="1" failures="0" timestamp="2022-10-09T22:09:50 IST" time="18.087" errors="0">
  <testcase name="testSearchandAddToCart" time="14.359" classname="Spring.AutomateAWebappTestNG.TestNgTest1"/>
  <testcase name="testInvalidLogin" time="0.0" classname="Spring.AutomateAWebappTestNG.TestNgTest1">
    <ignored/>
  </testcase> <!-- testInvalidLogin -->
  <testcase name="testRegister" time="0.0" classname="Spring.AutomateAWebappTestNG.TestNgTest1">
    <ignored/>
  </testcase> <!-- testRegister -->
  <testcase name="testLogin" time="0.0" classname="Spring.AutomateAWebappTestNG.TestNgTest1">
    <ignored/>
  </testcase> <!-- testLogin -->
</testsuite> <!-- Test4 -->
