<?xml version="1.0" encoding="UTF-8"?>
<!-- Generated by org.testng.reporters.JUnitXMLReporter -->
<testsuite hostname="LAPTOP-73JL2UKU" ignored="3" name="Test3" tests="1" failures="0" timestamp="2022-10-09T22:09:32 IST" time="17.307" errors="0">
  <testcase name="testInvalidLogin" time="13.735" classname="Spring.AutomateAWebappTestNG.TestNgTest1"/>
  <testcase name="testRegister" time="0.0" classname="Spring.AutomateAWebappTestNG.TestNgTest1">
    <ignored/>
  </testcase> <!-- testRegister -->
  <testcase name="testLogin" time="0.0" classname="Spring.AutomateAWebappTestNG.TestNgTest1">
    <ignored/>
  </testcase> <!-- testLogin -->
  <testcase name="testSearchandAddToCart" time="0.0" classname="Spring.AutomateAWebappTestNG.TestNgTest1">
    <ignored/>
  </testcase> <!-- testSearchandAddToCart -->
</testsuite> <!-- Test3 -->
